<?xml version="1.0" encoding="utf-8"?><testsuites name="pytest tests"><testsuite name="pytest" errors="0" failures="0" skipped="0" tests="23" time="3.958" timestamp="2026-04-28T01:13:10.657546+00:00" hostname="agent-env-0185370a-4877-45e8-a232-f7df5a5a3189"><testcase classname="backend.tests.test_pedilo_api.TestPublic" name="test_root" time="0.245" /><testcase classname="backend.tests.test_pedilo_api.TestPublic" name="test_public_config" time="0.064" /><testcase classname="backend.tests.test_pedilo_api.TestPublic" name="test_public_categories" time="0.057" /><testcase classname="backend.tests.test_pedilo_api.TestPublic" name="test_public_products" time="0.066" /><testcase classname="backend.tests.test_pedilo_api.TestPublic" name="test_public_combos" time="0.063" /><testcase classname="backend.tests.test_pedilo_api.TestAuth" name="test_login_success" time="0.287" /><testcase classname="backend.tests.test_pedilo_api.TestAuth" name="test_login_invalid" time="0.285" /><testcase classname="backend.tests.test_pedilo_api.TestAuth" name="test_login_unknown_email" time="0.059" /><testcase classname="backend.tests.test_pedilo_api.TestAuth" name="test_me_with_token" time="0.339" /><testcase classname="backend.tests.test_pedilo_api.TestAuth" name="test_me_without_auth" time="0.126" /><testcase classname="backend.tests.test_pedilo_api.TestAdminUnauthorized" name="test_unauthenticated_returns_401[/admin/categories-GET]" time="0.159" /><testcase classname="backend.tests.test_pedilo_api.TestAdminUnauthorized" name="test_unauthenticated_returns_401[/admin/categories-POST]" time="0.113" /><testcase classname="backend.tests.test_pedilo_api.TestAdminUnauthorized" name="test_unauthenticated_returns_401[/admin/products-GET]" time="0.116" /><testcase classname="backend.tests.test_pedilo_api.TestAdminUnauthorized" name="test_unauthenticated_returns_401[/admin/products-POST]" time="0.108" /><testcase classname="backend.tests.test_pedilo_api.TestAdminUnauthorized" name="test_unauthenticated_returns_401[/admin/combos-GET]" time="0.132" /><testcase classname="backend.tests.test_pedilo_api.TestAdminUnauthorized" name="test_unauthenticated_returns_401[/admin/combos-POST]" time="0.128" /><testcase classname="backend.tests.test_pedilo_api.TestAdminUnauthorized" name="test_unauthenticated_returns_401[/admin/config-PUT]" time="0.099" /><testcase classname="backend.tests.test_pedilo_api.TestCategoriesCRUD" name="test_full_crud_cycle" time="0.325" /><testcase classname="backend.tests.test_pedilo_api.TestCategoriesCRUD" name="test_update_nonexistent" time="0.059" /><testcase classname="backend.tests.test_pedilo_api.TestCategoriesCRUD" name="test_delete_nonexistent" time="0.084" /><testcase classname="backend.tests.test_pedilo_api.TestProductsCRUD" name="test_full_crud_cycle" time="0.422" /><testcase classname="backend.tests.test_pedilo_api.TestCombosCRUD" name="test_full_crud_cycle" time="0.237" /><testcase classname="backend.tests.test_pedilo_api.TestAdminConfig" name="test_update_config_persists" time="0.242" /></testsuite></testsuites>