<?xml version="1.0" encoding="utf-8"?><testsuites name="pytest tests"><testsuite name="pytest" errors="0" failures="0" skipped="0" tests="37" time="7.494" timestamp="2026-04-28T01:31:07.938318+00:00" hostname="agent-env-0185370a-4877-45e8-a232-f7df5a5a3189"><testcase classname="backend.tests.test_pedilo_v2.TestOrdersPublic" name="test_create_order_success" time="0.300" /><testcase classname="backend.tests.test_pedilo_v2.TestOrdersPublic" name="test_create_order_empty_items" time="0.049" /><testcase classname="backend.tests.test_pedilo_v2.TestOrdersPublic" name="test_create_order_empty_address" time="0.104" /><testcase classname="backend.tests.test_pedilo_v2.TestOrdersAdmin" name="test_admin_requires_auth" time="0.301" /><testcase classname="backend.tests.test_pedilo_v2.TestOrdersAdmin" name="test_list_filter_update_delete" time="0.790" /><testcase classname="backend.tests.test_pedilo_v2.TestOrdersAdmin" name="test_stats" time="0.223" /><testcase classname="backend.tests.test_pedilo_v2.TestBusinessHours" name="test_public_config_has_fields" time="0.051" /><testcase classname="backend.tests.test_pedilo_v2.TestBusinessHours" name="test_override_open" time="0.212" /><testcase classname="backend.tests.test_pedilo_v2.TestBusinessHours" name="test_override_closed" time="0.202" /><testcase classname="backend.tests.test_pedilo_v2.TestBusinessHours" name="test_auto_today_closed" time="0.208" /><testcase classname="backend.tests.test_pedilo_v2.TestProductImages" name="test_create_update_product_with_images" time="0.315" /><testcase classname="backend.tests.test_pedilo_v2.TestImageUpload" name="test_upload_requires_auth" time="0.150" /><testcase classname="backend.tests.test_pedilo_v2.TestImageUpload" name="test_upload_and_serve" time="0.756" /><testcase classname="backend.tests.test_pedilo_v2.TestImageUpload" name="test_serve_missing_file_404" time="0.123" /><testcase classname="backend.tests.test_pedilo_api.TestPublic" name="test_root" time="0.130" /><testcase classname="backend.tests.test_pedilo_api.TestPublic" name="test_public_config" time="0.059" /><testcase classname="backend.tests.test_pedilo_api.TestPublic" name="test_public_categories" time="0.068" /><testcase classname="backend.tests.test_pedilo_api.TestPublic" name="test_public_products" time="0.061" /><testcase classname="backend.tests.test_pedilo_api.TestPublic" name="test_public_combos" time="0.074" /><testcase classname="backend.tests.test_pedilo_api.TestAuth" name="test_login_success" time="0.293" /><testcase classname="backend.tests.test_pedilo_api.TestAuth" name="test_login_invalid" time="0.278" /><testcase classname="backend.tests.test_pedilo_api.TestAuth" name="test_login_unknown_email" time="0.060" /><testcase classname="backend.tests.test_pedilo_api.TestAuth" name="test_me_with_token" time="0.342" /><testcase classname="backend.tests.test_pedilo_api.TestAuth" name="test_me_without_auth" time="0.166" /><testcase classname="backend.tests.test_pedilo_api.TestAdminUnauthorized" name="test_unauthenticated_returns_401[/admin/categories-GET]" time="0.108" /><testcase classname="backend.tests.test_pedilo_api.TestAdminUnauthorized" name="test_unauthenticated_returns_401[/admin/categories-POST]" time="0.147" /><testcase classname="backend.tests.test_pedilo_api.TestAdminUnauthorized" name="test_unauthenticated_returns_401[/admin/products-GET]" time="0.110" /><testcase classname="backend.tests.test_pedilo_api.TestAdminUnauthorized" name="test_unauthenticated_returns_401[/admin/products-POST]" time="0.110" /><testcase classname="backend.tests.test_pedilo_api.TestAdminUnauthorized" name="test_unauthenticated_returns_401[/admin/combos-GET]" time="0.111" /><testcase classname="backend.tests.test_pedilo_api.TestAdminUnauthorized" name="test_unauthenticated_returns_401[/admin/combos-POST]" time="0.110" /><testcase classname="backend.tests.test_pedilo_api.TestAdminUnauthorized" name="test_unauthenticated_returns_401[/admin/config-PUT]" time="0.115" /><testcase classname="backend.tests.test_pedilo_api.TestCategoriesCRUD" name="test_full_crud_cycle" time="0.285" /><testcase classname="backend.tests.test_pedilo_api.TestCategoriesCRUD" name="test_update_nonexistent" time="0.055" /><testcase classname="backend.tests.test_pedilo_api.TestCategoriesCRUD" name="test_delete_nonexistent" time="0.054" /><testcase classname="backend.tests.test_pedilo_api.TestProductsCRUD" name="test_full_crud_cycle" time="0.415" /><testcase classname="backend.tests.test_pedilo_api.TestCombosCRUD" name="test_full_crud_cycle" time="0.223" /><testcase classname="backend.tests.test_pedilo_api.TestAdminConfig" name="test_update_config_persists" time="0.229" /></testsuite></testsuites>